0 info it worked if it ends with ok
1 verbose cli [ '/usr/bin/node', '/usr/bin/npm', 'run-script', 'dev' ]
2 info using npm@1.4.28
3 info using node@v0.10.33
4 verbose node symlink /usr/bin/node
5 verbose run-script [ 'predev', 'dev', 'postdev' ]
6 info predev Bacalao@0.0.1
7 info dev Bacalao@0.0.1
8 verbose unsafe-perm in lifecycle true
9 info Bacalao@0.0.1 Failed to exec dev script
10 error Bacalao@0.0.1 dev: `nodemon -I -w server/ server/server.js --development | bunyan & webpack -w --colors`
10 error Exit status 139
11 error Failed at the Bacalao@0.0.1 dev script.
11 error This is most likely a problem with the Bacalao package,
11 error not with npm itself.
11 error Tell the author that this fails on your system:
11 error     nodemon -I -w server/ server/server.js --development | bunyan & webpack -w --colors
11 error You can get their info via:
11 error     npm owner ls Bacalao
11 error There is likely additional logging output above.
12 error System Linux 3.11.0-26-generic
13 error command "/usr/bin/node" "/usr/bin/npm" "run-script" "dev"
14 error cwd /home/wolf/Projects/bacalao
15 error node -v v0.10.33
16 error npm -v 1.4.28
17 error code ELIFECYCLE
18 verbose exit [ 1, true ]
